[0.246s] DEBUG:colcon:Command line arguments: ['/usr/bin/colcon', 'build']
[0.246s] DEBUG:colcon:Parsed command line arguments: Namespace(log_base=None, log_level=None, verb_name='build', build_base='build', install_base='install', merge_install=False, symlink_install=False, test_result_base=None, continue_on_error=False, executor='parallel', parallel_workers=8, event_handlers=None, ignore_user_meta=False, metas=['./colcon.meta'], base_paths=['.'], packages_ignore=None, packages_ignore_regex=None, paths=None, packages_up_to=None, packages_up_to_regex=None, packages_above=None, packages_above_and_dependencies=None, packages_above_depth=None, packages_select_by_dep=None, packages_skip_by_dep=None, packages_skip_up_to=None, packages_select_build_failed=False, packages_skip_build_finished=False, packages_select_test_failures=False, packages_skip_test_passed=False, packages_select=None, packages_skip=None, packages_select_regex=None, packages_skip_regex=None, packages_start=None, packages_end=None, allow_overriding=[], cmake_args=None, cmake_target=None, cmake_target_skip_unavailable=False, cmake_clean_cache=False, cmake_clean_first=False, cmake_force_configure=False, ament_cmake_args=None, catkin_cmake_args=None, catkin_skip_building_tests=False, mixin_files=None, mixin=None, verb_parser=<colcon_mixin.mixin.mixin_argument.MixinArgumentDecorator object at 0x7829f7e5f110>, verb_extension=<colcon_core.verb.build.BuildVerb object at 0x7829f7e5e8d0>, main=<bound method BuildVerb.main of <colcon_core.verb.build.BuildVerb object at 0x7829f7e5e8d0>>, mixin_verb=('build',))
[0.344s] Level 1:colcon.colcon_core.package_discovery:discover_packages(colcon_meta) check parameters
[0.344s] Level 1:colcon.colcon_core.package_discovery:discover_packages(recursive) check parameters
[0.344s] Level 1:colcon.colcon_core.package_discovery:discover_packages(ignore) check parameters
[0.344s] Level 1:colcon.colcon_core.package_discovery:discover_packages(path) check parameters
[0.344s] Level 1:colcon.colcon_core.package_discovery:discover_packages(colcon_meta) discover
[0.344s] Level 1:colcon.colcon_core.package_discovery:discover_packages(recursive) discover
[0.344s] INFO:colcon.colcon_core.package_discovery:Crawling recursively for packages in '/home/aron-larsen/miniProject_ws'
[0.344s] Level 1:colcon.colcon_core.package_identification:_identify(.) by extensions ['ignore', 'ignore_ament_install']
[0.344s] Level 1:colcon.colcon_core.package_identification:_identify(.) by extension 'ignore'
[0.345s] Level 1:colcon.colcon_core.package_identification:_identify(.) by extension 'ignore_ament_install'
[0.345s] Level 1:colcon.colcon_core.package_identification:_identify(.) by extensions ['colcon_pkg']
[0.345s] Level 1:colcon.colcon_core.package_identification:_identify(.) by extension 'colcon_pkg'
[0.345s] Level 1:colcon.colcon_core.package_identification:_identify(.) by extensions ['colcon_meta']
[0.345s] Level 1:colcon.colcon_core.package_identification:_identify(.) by extension 'colcon_meta'
[0.345s] Level 1:colcon.colcon_core.package_identification:_identify(.) by extensions ['ros']
[0.345s] Level 1:colcon.colcon_core.package_identification:_identify(.) by extension 'ros'
[0.397s] Level 1:colcon.colcon_core.package_identification:_identify(.) by extensions ['cmake', 'python']
[0.397s] Level 1:colcon.colcon_core.package_identification:_identify(.) by extension 'cmake'
[0.397s] Level 1:colcon.colcon_core.package_identification:_identify(.) by extension 'python'
[0.397s] Level 1:colcon.colcon_core.package_identification:_identify(.) by extensions ['python_setup_py']
[0.397s] Level 1:colcon.colcon_core.package_identification:_identify(.) by extension 'python_setup_py'
[0.397s] Level 1:colcon.colcon_core.package_identification:_identify(build) by extensions ['ignore', 'ignore_ament_install']
[0.397s] Level 1:colcon.colcon_core.package_identification:_identify(build) by extension 'ignore'
[0.397s] Level 1:colcon.colcon_core.package_identification:_identify(build) ignored
[0.398s] Level 1:colcon.colcon_core.package_identification:_identify(install) by extensions ['ignore', 'ignore_ament_install']
[0.398s] Level 1:colcon.colcon_core.package_identification:_identify(install) by extension 'ignore'
[0.398s] Level 1:colcon.colcon_core.package_identification:_identify(install) ignored
[0.398s] Level 1:colcon.colcon_core.package_identification:_identify(log) by extensions ['ignore', 'ignore_ament_install']
[0.398s] Level 1:colcon.colcon_core.package_identification:_identify(log) by extension 'ignore'
[0.398s] Level 1:colcon.colcon_core.package_identification:_identify(log) ignored
[0.398s] Level 1:colcon.colcon_core.package_identification:_identify(src) by extensions ['ignore', 'ignore_ament_install']
[0.399s] Level 1:colcon.colcon_core.package_identification:_identify(src) by extension 'ignore'
[0.399s] Level 1:colcon.colcon_core.package_identification:_identify(src) by extension 'ignore_ament_install'
[0.399s] Level 1:colcon.colcon_core.package_identification:_identify(src) by extensions ['colcon_pkg']
[0.399s] Level 1:colcon.colcon_core.package_identification:_identify(src) by extension 'colcon_pkg'
[0.399s] Level 1:colcon.colcon_core.package_identification:_identify(src) by extensions ['colcon_meta']
[0.399s] Level 1:colcon.colcon_core.package_identification:_identify(src) by extension 'colcon_meta'
[0.399s] Level 1:colcon.colcon_core.package_identification:_identify(src) by extensions ['ros']
[0.399s] Level 1:colcon.colcon_core.package_identification:_identify(src) by extension 'ros'
[0.399s] Level 1:colcon.colcon_core.package_identification:_identify(src) by extensions ['cmake', 'python']
[0.399s] Level 1:colcon.colcon_core.package_identification:_identify(src) by extension 'cmake'
[0.399s] Level 1:colcon.colcon_core.package_identification:_identify(src) by extension 'python'
[0.399s] Level 1:colcon.colcon_core.package_identification:_identify(src) by extensions ['python_setup_py']
[0.399s] Level 1:colcon.colcon_core.package_identification:_identify(src) by extension 'python_setup_py'
[0.400s] Level 1:colcon.colcon_core.package_identification:_identify(src/build) by extensions ['ignore', 'ignore_ament_install']
[0.400s] Level 1:colcon.colcon_core.package_identification:_identify(src/build) by extension 'ignore'
[0.400s] Level 1:colcon.colcon_core.package_identification:_identify(src/build) ignored
[0.400s] Level 1:colcon.colcon_core.package_identification:_identify(src/install) by extensions ['ignore', 'ignore_ament_install']
[0.400s] Level 1:colcon.colcon_core.package_identification:_identify(src/install) by extension 'ignore'
[0.400s] Level 1:colcon.colcon_core.package_identification:_identify(src/install) ignored
[0.400s] Level 1:colcon.colcon_core.package_identification:_identify(src/log) by extensions ['ignore', 'ignore_ament_install']
[0.400s] Level 1:colcon.colcon_core.package_identification:_identify(src/log) by extension 'ignore'
[0.400s] Level 1:colcon.colcon_core.package_identification:_identify(src/log) ignored
[0.401s] Level 1:colcon.colcon_core.package_identification:_identify(src/qube_bringup) by extensions ['ignore', 'ignore_ament_install']
[0.401s] Level 1:colcon.colcon_core.package_identification:_identify(src/qube_bringup) by extension 'ignore'
[0.401s] Level 1:colcon.colcon_core.package_identification:_identify(src/qube_bringup) by extension 'ignore_ament_install'
[0.401s] Level 1:colcon.colcon_core.package_identification:_identify(src/qube_bringup) by extensions ['colcon_pkg']
[0.401s] Level 1:colcon.colcon_core.package_identification:_identify(src/qube_bringup) by extension 'colcon_pkg'
[0.401s] Level 1:colcon.colcon_core.package_identification:_identify(src/qube_bringup) by extensions ['colcon_meta']
[0.401s] Level 1:colcon.colcon_core.package_identification:_identify(src/qube_bringup) by extension 'colcon_meta'
[0.401s] Level 1:colcon.colcon_core.package_identification:_identify(src/qube_bringup) by extensions ['ros']
[0.401s] Level 1:colcon.colcon_core.package_identification:_identify(src/qube_bringup) by extension 'ros'
[0.406s] DEBUG:colcon.colcon_core.package_identification:Package 'src/qube_bringup' with type 'ros.ament_python' and name 'qube_bringup'
[0.407s] Level 1:colcon.colcon_core.package_identification:_identify(src/qube_controller) by extensions ['ignore', 'ignore_ament_install']
[0.407s] Level 1:colcon.colcon_core.package_identification:_identify(src/qube_controller) by extension 'ignore'
[0.407s] Level 1:colcon.colcon_core.package_identification:_identify(src/qube_controller) by extension 'ignore_ament_install'
[0.407s] Level 1:colcon.colcon_core.package_identification:_identify(src/qube_controller) by extensions ['colcon_pkg']
[0.407s] Level 1:colcon.colcon_core.package_identification:_identify(src/qube_controller) by extension 'colcon_pkg'
[0.407s] Level 1:colcon.colcon_core.package_identification:_identify(src/qube_controller) by extensions ['colcon_meta']
[0.407s] Level 1:colcon.colcon_core.package_identification:_identify(src/qube_controller) by extension 'colcon_meta'
[0.407s] Level 1:colcon.colcon_core.package_identification:_identify(src/qube_controller) by extensions ['ros']
[0.407s] Level 1:colcon.colcon_core.package_identification:_identify(src/qube_controller) by extension 'ros'
[0.408s] DEBUG:colcon.colcon_core.package_identification:Package 'src/qube_controller' with type 'ros.ament_python' and name 'qube_controller'
[0.409s] Level 1:colcon.colcon_core.package_identification:_identify(src/qube_description) by extensions ['ignore', 'ignore_ament_install']
[0.409s] Level 1:colcon.colcon_core.package_identification:_identify(src/qube_description) by extension 'ignore'
[0.409s] Level 1:colcon.colcon_core.package_identification:_identify(src/qube_description) by extension 'ignore_ament_install'
[0.409s] Level 1:colcon.colcon_core.package_identification:_identify(src/qube_description) by extensions ['colcon_pkg']
[0.409s] Level 1:colcon.colcon_core.package_identification:_identify(src/qube_description) by extension 'colcon_pkg'
[0.409s] Level 1:colcon.colcon_core.package_identification:_identify(src/qube_description) by extensions ['colcon_meta']
[0.409s] Level 1:colcon.colcon_core.package_identification:_identify(src/qube_description) by extension 'colcon_meta'
[0.409s] Level 1:colcon.colcon_core.package_identification:_identify(src/qube_description) by extensions ['ros']
[0.409s] Level 1:colcon.colcon_core.package_identification:_identify(src/qube_description) by extension 'ros'
[0.410s] DEBUG:colcon.colcon_core.package_identification:Package 'src/qube_description' with type 'ros.ament_python' and name 'qube_description'
[0.410s] Level 1:colcon.colcon_core.package_identification:_identify(src/qube_driver) by extensions ['ignore', 'ignore_ament_install']
[0.410s] Level 1:colcon.colcon_core.package_identification:_identify(src/qube_driver) by extension 'ignore'
[0.410s] Level 1:colcon.colcon_core.package_identification:_identify(src/qube_driver) by extension 'ignore_ament_install'
[0.410s] Level 1:colcon.colcon_core.package_identification:_identify(src/qube_driver) by extensions ['colcon_pkg']
[0.410s] Level 1:colcon.colcon_core.package_identification:_identify(src/qube_driver) by extension 'colcon_pkg'
[0.410s] Level 1:colcon.colcon_core.package_identification:_identify(src/qube_driver) by extensions ['colcon_meta']
[0.411s] Level 1:colcon.colcon_core.package_identification:_identify(src/qube_driver) by extension 'colcon_meta'
[0.411s] Level 1:colcon.colcon_core.package_identification:_identify(src/qube_driver) by extensions ['ros']
[0.411s] Level 1:colcon.colcon_core.package_identification:_identify(src/qube_driver) by extension 'ros'
[0.411s] DEBUG:colcon.colcon_core.package_identification:Package 'src/qube_driver' with type 'ros.ament_cmake' and name 'qube_driver'
[0.411s] Level 1:colcon.colcon_core.package_discovery:discover_packages(recursive) using defaults
[0.412s] Level 1:colcon.colcon_core.package_discovery:discover_packages(ignore) discover
[0.412s] Level 1:colcon.colcon_core.package_discovery:discover_packages(ignore) using defaults
[0.412s] Level 1:colcon.colcon_core.package_discovery:discover_packages(path) discover
[0.412s] Level 1:colcon.colcon_core.package_discovery:discover_packages(path) using defaults
[0.449s] Level 1:colcon.colcon_core.package_discovery:discover_packages(prefix_path) check parameters
[0.449s] Level 1:colcon.colcon_core.package_discovery:discover_packages(prefix_path) discover
[0.455s] DEBUG:colcon.colcon_installed_package_information.package_discovery:Found 307 installed packages in /opt/ros/jazzy
[0.458s] Level 1:colcon.colcon_core.package_discovery:discover_packages(prefix_path) using defaults
[0.537s] Level 5:colcon.colcon_core.verb:set package 'qube_bringup' build argument 'cmake_args' from command line to 'None'
[0.537s] Level 5:colcon.colcon_core.verb:set package 'qube_bringup' build argument 'cmake_target' from command line to 'None'
[0.537s] Level 5:colcon.colcon_core.verb:set package 'qube_bringup' build argument 'cmake_target_skip_unavailable' from command line to 'False'
[0.538s] Level 5:colcon.colcon_core.verb:set package 'qube_bringup' build argument 'cmake_clean_cache' from command line to 'False'
[0.538s] Level 5:colcon.colcon_core.verb:set package 'qube_bringup' build argument 'cmake_clean_first' from command line to 'False'
[0.538s] Level 5:colcon.colcon_core.verb:set package 'qube_bringup' build argument 'cmake_force_configure' from command line to 'False'
[0.538s] Level 5:colcon.colcon_core.verb:set package 'qube_bringup' build argument 'ament_cmake_args' from command line to 'None'
[0.538s] Level 5:colcon.colcon_core.verb:set package 'qube_bringup' build argument 'catkin_cmake_args' from command line to 'None'
[0.538s] Level 5:colcon.colcon_core.verb:set package 'qube_bringup' build argument 'catkin_skip_building_tests' from command line to 'False'
[0.538s] DEBUG:colcon.colcon_core.verb:Building package 'qube_bringup' with the following arguments: {'ament_cmake_args': None, 'build_base': '/home/aron-larsen/miniProject_ws/build/qube_bringup', 'catkin_cmake_args': None, 'catkin_skip_building_tests': False, 'cmake_args': None, 'cmake_clean_cache': False, 'cmake_clean_first': False, 'cmake_force_configure': False, 'cmake_target': None, 'cmake_target_skip_unavailable': False, 'install_base': '/home/aron-larsen/miniProject_ws/install/qube_bringup', 'merge_install': False, 'path': '/home/aron-larsen/miniProject_ws/src/qube_bringup', 'symlink_install': False, 'test_result_base': None}
[0.538s] Level 5:colcon.colcon_core.verb:set package 'qube_controller' build argument 'cmake_args' from command line to 'None'
[0.538s] Level 5:colcon.colcon_core.verb:set package 'qube_controller' build argument 'cmake_target' from command line to 'None'
[0.538s] Level 5:colcon.colcon_core.verb:set package 'qube_controller' build argument 'cmake_target_skip_unavailable' from command line to 'False'
[0.538s] Level 5:colcon.colcon_core.verb:set package 'qube_controller' build argument 'cmake_clean_cache' from command line to 'False'
[0.538s] Level 5:colcon.colcon_core.verb:set package 'qube_controller' build argument 'cmake_clean_first' from command line to 'False'
[0.539s] Level 5:colcon.colcon_core.verb:set package 'qube_controller' build argument 'cmake_force_configure' from command line to 'False'
[0.539s] Level 5:colcon.colcon_core.verb:set package 'qube_controller' build argument 'ament_cmake_args' from command line to 'None'
[0.539s] Level 5:colcon.colcon_core.verb:set package 'qube_controller' build argument 'catkin_cmake_args' from command line to 'None'
[0.539s] Level 5:colcon.colcon_core.verb:set package 'qube_controller' build argument 'catkin_skip_building_tests' from command line to 'False'
[0.539s] DEBUG:colcon.colcon_core.verb:Building package 'qube_controller' with the following arguments: {'ament_cmake_args': None, 'build_base': '/home/aron-larsen/miniProject_ws/build/qube_controller', 'catkin_cmake_args': None, 'catkin_skip_building_tests': False, 'cmake_args': None, 'cmake_clean_cache': False, 'cmake_clean_first': False, 'cmake_force_configure': False, 'cmake_target': None, 'cmake_target_skip_unavailable': False, 'install_base': '/home/aron-larsen/miniProject_ws/install/qube_controller', 'merge_install': False, 'path': '/home/aron-larsen/miniProject_ws/src/qube_controller', 'symlink_install': False, 'test_result_base': None}
[0.539s] Level 5:colcon.colcon_core.verb:set package 'qube_description' build argument 'cmake_args' from command line to 'None'
[0.539s] Level 5:colcon.colcon_core.verb:set package 'qube_description' build argument 'cmake_target' from command line to 'None'
[0.539s] Level 5:colcon.colcon_core.verb:set package 'qube_description' build argument 'cmake_target_skip_unavailable' from command line to 'False'
[0.539s] Level 5:colcon.colcon_core.verb:set package 'qube_description' build argument 'cmake_clean_cache' from command line to 'False'
[0.539s] Level 5:colcon.colcon_core.verb:set package 'qube_description' build argument 'cmake_clean_first' from command line to 'False'
[0.539s] Level 5:colcon.colcon_core.verb:set package 'qube_description' build argument 'cmake_force_configure' from command line to 'False'
[0.539s] Level 5:colcon.colcon_core.verb:set package 'qube_description' build argument 'ament_cmake_args' from command line to 'None'
[0.539s] Level 5:colcon.colcon_core.verb:set package 'qube_description' build argument 'catkin_cmake_args' from command line to 'None'
[0.540s] Level 5:colcon.colcon_core.verb:set package 'qube_description' build argument 'catkin_skip_building_tests' from command line to 'False'
[0.540s] DEBUG:colcon.colcon_core.verb:Building package 'qube_description' with the following arguments: {'ament_cmake_args': None, 'build_base': '/home/aron-larsen/miniProject_ws/build/qube_description', 'catkin_cmake_args': None, 'catkin_skip_building_tests': False, 'cmake_args': None, 'cmake_clean_cache': False, 'cmake_clean_first': False, 'cmake_force_configure': False, 'cmake_target': None, 'cmake_target_skip_unavailable': False, 'install_base': '/home/aron-larsen/miniProject_ws/install/qube_description', 'merge_install': False, 'path': '/home/aron-larsen/miniProject_ws/src/qube_description', 'symlink_install': False, 'test_result_base': None}
[0.540s] Level 5:colcon.colcon_core.verb:set package 'qube_driver' build argument 'cmake_args' from command line to 'None'
[0.540s] Level 5:colcon.colcon_core.verb:set package 'qube_driver' build argument 'cmake_target' from command line to 'None'
[0.540s] Level 5:colcon.colcon_core.verb:set package 'qube_driver' build argument 'cmake_target_skip_unavailable' from command line to 'False'
[0.540s] Level 5:colcon.colcon_core.verb:set package 'qube_driver' build argument 'cmake_clean_cache' from command line to 'False'
[0.540s] Level 5:colcon.colcon_core.verb:set package 'qube_driver' build argument 'cmake_clean_first' from command line to 'False'
[0.540s] Level 5:colcon.colcon_core.verb:set package 'qube_driver' build argument 'cmake_force_configure' from command line to 'False'
[0.540s] Level 5:colcon.colcon_core.verb:set package 'qube_driver' build argument 'ament_cmake_args' from command line to 'None'
[0.540s] Level 5:colcon.colcon_core.verb:set package 'qube_driver' build argument 'catkin_cmake_args' from command line to 'None'
[0.540s] Level 5:colcon.colcon_core.verb:set package 'qube_driver' build argument 'catkin_skip_building_tests' from command line to 'False'
[0.540s] DEBUG:colcon.colcon_core.verb:Building package 'qube_driver' with the following arguments: {'ament_cmake_args': None, 'build_base': '/home/aron-larsen/miniProject_ws/build/qube_driver', 'catkin_cmake_args': None, 'catkin_skip_building_tests': False, 'cmake_args': None, 'cmake_clean_cache': False, 'cmake_clean_first': False, 'cmake_force_configure': False, 'cmake_target': None, 'cmake_target_skip_unavailable': False, 'install_base': '/home/aron-larsen/miniProject_ws/install/qube_driver', 'merge_install': False, 'path': '/home/aron-larsen/miniProject_ws/src/qube_driver', 'symlink_install': False, 'test_result_base': None}
[0.541s] INFO:colcon.colcon_core.executor:Executing jobs using 'parallel' executor
[0.542s] DEBUG:colcon.colcon_parallel_executor.executor.parallel:run_until_complete
[0.543s] INFO:colcon.colcon_ros.task.ament_python.build:Building ROS package in '/home/aron-larsen/miniProject_ws/src/qube_bringup' with build type 'ament_python'
[0.543s] Level 1:colcon.colcon_core.shell:create_environment_hook('qube_bringup', 'ament_prefix_path')
[0.551s] INFO:colcon.colcon_core.plugin_system:Skipping extension 'colcon_core.shell.bat': Not used on non-Windows systems
[0.551s] INFO:colcon.colcon_core.shell:Creating environment hook '/home/aron-larsen/miniProject_ws/install/qube_bringup/share/qube_bringup/hook/ament_prefix_path.ps1'
[0.553s] INFO:colcon.colcon_core.shell:Creating environment descriptor '/home/aron-larsen/miniProject_ws/install/qube_bringup/share/qube_bringup/hook/ament_prefix_path.dsv'
[0.555s] INFO:colcon.colcon_core.shell:Creating environment hook '/home/aron-larsen/miniProject_ws/install/qube_bringup/share/qube_bringup/hook/ament_prefix_path.sh'
[0.556s] INFO:colcon.colcon_core.shell:Skip shell extension 'powershell' for command environment: Not usable outside of PowerShell
[0.557s] DEBUG:colcon.colcon_core.shell:Skip shell extension 'dsv' for command environment
[0.562s] INFO:colcon.colcon_ros.task.ament_python.build:Building ROS package in '/home/aron-larsen/miniProject_ws/src/qube_controller' with build type 'ament_python'
[0.563s] Level 1:colcon.colcon_core.shell:create_environment_hook('qube_controller', 'ament_prefix_path')
[0.563s] INFO:colcon.colcon_core.shell:Creating environment hook '/home/aron-larsen/miniProject_ws/install/qube_controller/share/qube_controller/hook/ament_prefix_path.ps1'
[0.564s] INFO:colcon.colcon_core.shell:Creating environment descriptor '/home/aron-larsen/miniProject_ws/install/qube_controller/share/qube_controller/hook/ament_prefix_path.dsv'
[0.565s] INFO:colcon.colcon_core.shell:Creating environment hook '/home/aron-larsen/miniProject_ws/install/qube_controller/share/qube_controller/hook/ament_prefix_path.sh'
[0.566s] INFO:colcon.colcon_core.shell:Skip shell extension 'powershell' for command environment: Not usable outside of PowerShell
[0.566s] DEBUG:colcon.colcon_core.shell:Skip shell extension 'dsv' for command environment
[0.571s] INFO:colcon.colcon_ros.task.ament_python.build:Building ROS package in '/home/aron-larsen/miniProject_ws/src/qube_description' with build type 'ament_python'
[0.572s] Level 1:colcon.colcon_core.shell:create_environment_hook('qube_description', 'ament_prefix_path')
[0.572s] INFO:colcon.colcon_core.shell:Creating environment hook '/home/aron-larsen/miniProject_ws/install/qube_description/share/qube_description/hook/ament_prefix_path.ps1'
[0.573s] INFO:colcon.colcon_core.shell:Creating environment descriptor '/home/aron-larsen/miniProject_ws/install/qube_description/share/qube_description/hook/ament_prefix_path.dsv'
[0.574s] INFO:colcon.colcon_core.shell:Creating environment hook '/home/aron-larsen/miniProject_ws/install/qube_description/share/qube_description/hook/ament_prefix_path.sh'
[0.576s] INFO:colcon.colcon_core.shell:Skip shell extension 'powershell' for command environment: Not usable outside of PowerShell
[0.576s] DEBUG:colcon.colcon_core.shell:Skip shell extension 'dsv' for command environment
[0.581s] INFO:colcon.colcon_ros.task.ament_cmake.build:Building ROS package in '/home/aron-larsen/miniProject_ws/src/qube_driver' with build type 'ament_cmake'
[0.582s] INFO:colcon.colcon_cmake.task.cmake.build:Building CMake package in '/home/aron-larsen/miniProject_ws/src/qube_driver'
[0.582s] INFO:colcon.colcon_core.shell:Skip shell extension 'powershell' for command environment: Not usable outside of PowerShell
[0.582s] DEBUG:colcon.colcon_core.shell:Skip shell extension 'dsv' for command environment
[1.007s] INFO:colcon.colcon_core.task.python.build:Building Python package in '/home/aron-larsen/miniProject_ws/src/qube_bringup'
[1.008s] INFO:colcon.colcon_core.shell:Skip shell extension 'powershell' for command environment: Not usable outside of PowerShell
[1.008s] DEBUG:colcon.colcon_core.shell:Skip shell extension 'dsv' for command environment
[1.421s] INFO:colcon.colcon_core.task.python.build:Building Python package in '/home/aron-larsen/miniProject_ws/src/qube_controller'
[1.422s] INFO:colcon.colcon_core.shell:Skip shell extension 'powershell' for command environment: Not usable outside of PowerShell
[1.422s] DEBUG:colcon.colcon_core.shell:Skip shell extension 'dsv' for command environment
[1.834s] INFO:colcon.colcon_core.task.python.build:Building Python package in '/home/aron-larsen/miniProject_ws/src/qube_description'
[1.835s] INFO:colcon.colcon_core.shell:Skip shell extension 'powershell' for command environment: Not usable outside of PowerShell
[1.835s] DEBUG:colcon.colcon_core.shell:Skip shell extension 'dsv' for command environment
[1.845s] DEBUG:colcon.colcon_core.event_handler.log_command:Invoking command in '/home/aron-larsen/miniProject_ws/build/qube_driver': CMAKE_PREFIX_PATH=${CMAKE_PREFIX_PATH}:/opt/ros/jazzy DEBUGINFOD_URLS=https://debuginfod.ubuntu.com /usr/bin/cmake /home/aron-larsen/miniProject_ws/src/qube_driver -DCMAKE_INSTALL_PREFIX=/home/aron-larsen/miniProject_ws/install/qube_driver
[2.843s] DEBUG:colcon.colcon_core.event_handler.log_command:Invoking command in '/home/aron-larsen/miniProject_ws/src/qube_description': DEBUGINFOD_URLS=https://debuginfod.ubuntu.com PYTHONPATH=/home/aron-larsen/miniProject_ws/build/qube_description/prefix_override:/usr/lib/python3/dist-packages/colcon_core/task/python/colcon_distutils_commands:/home/aron-larsen/miniProject_ws/install/qube_description/lib/python3.12/site-packages:${PYTHONPATH} /usr/bin/python3 -W ignore:setup.py install is deprecated -W ignore:easy_install command is deprecated setup.py egg_info --egg-base ../../build/qube_description build --build-base /home/aron-larsen/miniProject_ws/build/qube_description/build install --record /home/aron-larsen/miniProject_ws/build/qube_description/install.log --single-version-externally-managed install_data
[2.845s] DEBUG:colcon.colcon_core.event_handler.log_command:Invoking command in '/home/aron-larsen/miniProject_ws/src/qube_controller': DEBUGINFOD_URLS=https://debuginfod.ubuntu.com PYTHONPATH=/home/aron-larsen/miniProject_ws/build/qube_controller/prefix_override:/usr/lib/python3/dist-packages/colcon_core/task/python/colcon_distutils_commands:/home/aron-larsen/miniProject_ws/install/qube_controller/lib/python3.12/site-packages:${PYTHONPATH} /usr/bin/python3 -W ignore:setup.py install is deprecated -W ignore:easy_install command is deprecated setup.py egg_info --egg-base ../../build/qube_controller build --build-base /home/aron-larsen/miniProject_ws/build/qube_controller/build install --record /home/aron-larsen/miniProject_ws/build/qube_controller/install.log --single-version-externally-managed install_data
[2.848s] DEBUG:colcon.colcon_core.event_handler.log_command:Invoking command in '/home/aron-larsen/miniProject_ws/src/qube_bringup': DEBUGINFOD_URLS=https://debuginfod.ubuntu.com PYTHONPATH=/home/aron-larsen/miniProject_ws/build/qube_bringup/prefix_override:/usr/lib/python3/dist-packages/colcon_core/task/python/colcon_distutils_commands:/home/aron-larsen/miniProject_ws/install/qube_bringup/lib/python3.12/site-packages:${PYTHONPATH} /usr/bin/python3 -W ignore:setup.py install is deprecated -W ignore:easy_install command is deprecated setup.py egg_info --egg-base ../../build/qube_bringup build --build-base /home/aron-larsen/miniProject_ws/build/qube_bringup/build install --record /home/aron-larsen/miniProject_ws/build/qube_bringup/install.log --single-version-externally-managed install_data
[3.473s] DEBUG:colcon.colcon_core.event_handler.log_command:Invoked command in '/home/aron-larsen/miniProject_ws/src/qube_description' returned '0': DEBUGINFOD_URLS=https://debuginfod.ubuntu.com PYTHONPATH=/home/aron-larsen/miniProject_ws/build/qube_description/prefix_override:/usr/lib/python3/dist-packages/colcon_core/task/python/colcon_distutils_commands:/home/aron-larsen/miniProject_ws/install/qube_description/lib/python3.12/site-packages:${PYTHONPATH} /usr/bin/python3 -W ignore:setup.py install is deprecated -W ignore:easy_install command is deprecated setup.py egg_info --egg-base ../../build/qube_description build --build-base /home/aron-larsen/miniProject_ws/build/qube_description/build install --record /home/aron-larsen/miniProject_ws/build/qube_description/install.log --single-version-externally-managed install_data
[3.478s] Level 1:colcon.colcon_core.environment:checking '/home/aron-larsen/miniProject_ws/install/qube_description' for CMake module files
[3.479s] Level 1:colcon.colcon_core.environment:checking '/home/aron-larsen/miniProject_ws/install/qube_description' for CMake config files
[3.479s] Level 1:colcon.colcon_core.environment:checking '/home/aron-larsen/miniProject_ws/install/qube_description/lib'
[3.479s] Level 1:colcon.colcon_core.environment:checking '/home/aron-larsen/miniProject_ws/install/qube_description/bin'
[3.479s] Level 1:colcon.colcon_core.environment:checking '/home/aron-larsen/miniProject_ws/install/qube_description/lib/pkgconfig/qube_description.pc'
[3.480s] Level 1:colcon.colcon_core.environment:checking '/home/aron-larsen/miniProject_ws/install/qube_description/lib/python3.12/site-packages'
[3.480s] Level 1:colcon.colcon_core.shell:create_environment_hook('qube_description', 'pythonpath')
[3.480s] INFO:colcon.colcon_core.shell:Creating environment hook '/home/aron-larsen/miniProject_ws/install/qube_description/share/qube_description/hook/pythonpath.ps1'
[3.480s] INFO:colcon.colcon_core.shell:Creating environment descriptor '/home/aron-larsen/miniProject_ws/install/qube_description/share/qube_description/hook/pythonpath.dsv'
[3.481s] INFO:colcon.colcon_core.shell:Creating environment hook '/home/aron-larsen/miniProject_ws/install/qube_description/share/qube_description/hook/pythonpath.sh'
[3.481s] Level 1:colcon.colcon_core.environment:checking '/home/aron-larsen/miniProject_ws/install/qube_description/bin'
[3.481s] Level 1:colcon.colcon_core.environment:create_environment_scripts_only(qube_description)
[3.481s] INFO:colcon.colcon_core.shell:Creating package script '/home/aron-larsen/miniProject_ws/install/qube_description/share/qube_description/package.ps1'
[3.482s] INFO:colcon.colcon_core.shell:Creating package descriptor '/home/aron-larsen/miniProject_ws/install/qube_description/share/qube_description/package.dsv'
[3.483s] INFO:colcon.colcon_core.shell:Creating package script '/home/aron-larsen/miniProject_ws/install/qube_description/share/qube_description/package.sh'
[3.484s] INFO:colcon.colcon_core.shell:Creating package script '/home/aron-larsen/miniProject_ws/install/qube_description/share/qube_description/package.bash'
[3.484s] INFO:colcon.colcon_core.shell:Creating package script '/home/aron-larsen/miniProject_ws/install/qube_description/share/qube_description/package.zsh'
[3.485s] Level 1:colcon.colcon_core.environment:create_file_with_runtime_dependencies(/home/aron-larsen/miniProject_ws/install/qube_description/share/colcon-core/packages/qube_description)
[3.488s] Level 1:colcon.colcon_core.environment:checking '/home/aron-larsen/miniProject_ws/install/qube_controller' for CMake module files
[3.489s] DEBUG:colcon.colcon_core.event_handler.log_command:Invoked command in '/home/aron-larsen/miniProject_ws/src/qube_controller' returned '0': DEBUGINFOD_URLS=https://debuginfod.ubuntu.com PYTHONPATH=/home/aron-larsen/miniProject_ws/build/qube_controller/prefix_override:/usr/lib/python3/dist-packages/colcon_core/task/python/colcon_distutils_commands:/home/aron-larsen/miniProject_ws/install/qube_controller/lib/python3.12/site-packages:${PYTHONPATH} /usr/bin/python3 -W ignore:setup.py install is deprecated -W ignore:easy_install command is deprecated setup.py egg_info --egg-base ../../build/qube_controller build --build-base /home/aron-larsen/miniProject_ws/build/qube_controller/build install --record /home/aron-larsen/miniProject_ws/build/qube_controller/install.log --single-version-externally-managed install_data
[3.489s] Level 1:colcon.colcon_core.environment:checking '/home/aron-larsen/miniProject_ws/install/qube_controller' for CMake config files
[3.490s] Level 1:colcon.colcon_core.environment:checking '/home/aron-larsen/miniProject_ws/install/qube_controller/lib'
[3.490s] Level 1:colcon.colcon_core.environment:checking '/home/aron-larsen/miniProject_ws/install/qube_controller/bin'
[3.490s] Level 1:colcon.colcon_core.environment:checking '/home/aron-larsen/miniProject_ws/install/qube_controller/lib/pkgconfig/qube_controller.pc'
[3.490s] Level 1:colcon.colcon_core.environment:checking '/home/aron-larsen/miniProject_ws/install/qube_controller/lib/python3.12/site-packages'
[3.490s] Level 1:colcon.colcon_core.shell:create_environment_hook('qube_controller', 'pythonpath')
[3.490s] INFO:colcon.colcon_core.shell:Creating environment hook '/home/aron-larsen/miniProject_ws/install/qube_controller/share/qube_controller/hook/pythonpath.ps1'
[3.491s] INFO:colcon.colcon_core.shell:Creating environment descriptor '/home/aron-larsen/miniProject_ws/install/qube_controller/share/qube_controller/hook/pythonpath.dsv'
[3.491s] INFO:colcon.colcon_core.shell:Creating environment hook '/home/aron-larsen/miniProject_ws/install/qube_controller/share/qube_controller/hook/pythonpath.sh'
[3.492s] Level 1:colcon.colcon_core.environment:checking '/home/aron-larsen/miniProject_ws/install/qube_controller/bin'
[3.492s] Level 1:colcon.colcon_core.environment:create_environment_scripts_only(qube_controller)
[3.492s] INFO:colcon.colcon_core.shell:Creating package script '/home/aron-larsen/miniProject_ws/install/qube_controller/share/qube_controller/package.ps1'
[3.492s] INFO:colcon.colcon_core.shell:Creating package descriptor '/home/aron-larsen/miniProject_ws/install/qube_controller/share/qube_controller/package.dsv'
[3.493s] INFO:colcon.colcon_core.shell:Creating package script '/home/aron-larsen/miniProject_ws/install/qube_controller/share/qube_controller/package.sh'
[3.493s] INFO:colcon.colcon_core.shell:Creating package script '/home/aron-larsen/miniProject_ws/install/qube_controller/share/qube_controller/package.bash'
[3.493s] INFO:colcon.colcon_core.shell:Creating package script '/home/aron-larsen/miniProject_ws/install/qube_controller/share/qube_controller/package.zsh'
[3.493s] Level 1:colcon.colcon_core.environment:create_file_with_runtime_dependencies(/home/aron-larsen/miniProject_ws/install/qube_controller/share/colcon-core/packages/qube_controller)
[3.494s] Level 1:colcon.colcon_core.environment:checking '/home/aron-larsen/miniProject_ws/install/qube_bringup' for CMake module files
[3.495s] Level 1:colcon.colcon_core.environment:checking '/home/aron-larsen/miniProject_ws/install/qube_bringup' for CMake config files
[3.495s] DEBUG:colcon.colcon_core.event_handler.log_command:Invoked command in '/home/aron-larsen/miniProject_ws/src/qube_bringup' returned '0': DEBUGINFOD_URLS=https://debuginfod.ubuntu.com PYTHONPATH=/home/aron-larsen/miniProject_ws/build/qube_bringup/prefix_override:/usr/lib/python3/dist-packages/colcon_core/task/python/colcon_distutils_commands:/home/aron-larsen/miniProject_ws/install/qube_bringup/lib/python3.12/site-packages:${PYTHONPATH} /usr/bin/python3 -W ignore:setup.py install is deprecated -W ignore:easy_install command is deprecated setup.py egg_info --egg-base ../../build/qube_bringup build --build-base /home/aron-larsen/miniProject_ws/build/qube_bringup/build install --record /home/aron-larsen/miniProject_ws/build/qube_bringup/install.log --single-version-externally-managed install_data
[3.496s] Level 1:colcon.colcon_core.environment:checking '/home/aron-larsen/miniProject_ws/install/qube_bringup/lib'
[3.496s] Level 1:colcon.colcon_core.environment:checking '/home/aron-larsen/miniProject_ws/install/qube_bringup/bin'
[3.496s] Level 1:colcon.colcon_core.environment:checking '/home/aron-larsen/miniProject_ws/install/qube_bringup/lib/pkgconfig/qube_bringup.pc'
[3.496s] Level 1:colcon.colcon_core.environment:checking '/home/aron-larsen/miniProject_ws/install/qube_bringup/lib/python3.12/site-packages'
[3.496s] Level 1:colcon.colcon_core.shell:create_environment_hook('qube_bringup', 'pythonpath')
[3.496s] INFO:colcon.colcon_core.shell:Creating environment hook '/home/aron-larsen/miniProject_ws/install/qube_bringup/share/qube_bringup/hook/pythonpath.ps1'
[3.497s] INFO:colcon.colcon_core.shell:Creating environment descriptor '/home/aron-larsen/miniProject_ws/install/qube_bringup/share/qube_bringup/hook/pythonpath.dsv'
[3.497s] INFO:colcon.colcon_core.shell:Creating environment hook '/home/aron-larsen/miniProject_ws/install/qube_bringup/share/qube_bringup/hook/pythonpath.sh'
[3.497s] Level 1:colcon.colcon_core.environment:checking '/home/aron-larsen/miniProject_ws/install/qube_bringup/bin'
[3.497s] Level 1:colcon.colcon_core.environment:create_environment_scripts_only(qube_bringup)
[3.498s] INFO:colcon.colcon_core.shell:Creating package script '/home/aron-larsen/miniProject_ws/install/qube_bringup/share/qube_bringup/package.ps1'
[3.498s] INFO:colcon.colcon_core.shell:Creating package descriptor '/home/aron-larsen/miniProject_ws/install/qube_bringup/share/qube_bringup/package.dsv'
[3.498s] INFO:colcon.colcon_core.shell:Creating package script '/home/aron-larsen/miniProject_ws/install/qube_bringup/share/qube_bringup/package.sh'
[3.499s] INFO:colcon.colcon_core.shell:Creating package script '/home/aron-larsen/miniProject_ws/install/qube_bringup/share/qube_bringup/package.bash'
[3.499s] INFO:colcon.colcon_core.shell:Creating package script '/home/aron-larsen/miniProject_ws/install/qube_bringup/share/qube_bringup/package.zsh'
[3.499s] Level 1:colcon.colcon_core.environment:create_file_with_runtime_dependencies(/home/aron-larsen/miniProject_ws/install/qube_bringup/share/colcon-core/packages/qube_bringup)
[3.931s] DEBUG:colcon.colcon_core.event_handler.log_command:Invoked command in '/home/aron-larsen/miniProject_ws/build/qube_driver' returned '0': CMAKE_PREFIX_PATH=${CMAKE_PREFIX_PATH}:/opt/ros/jazzy DEBUGINFOD_URLS=https://debuginfod.ubuntu.com /usr/bin/cmake /home/aron-larsen/miniProject_ws/src/qube_driver -DCMAKE_INSTALL_PREFIX=/home/aron-larsen/miniProject_ws/install/qube_driver
[3.933s] DEBUG:colcon.colcon_core.event_handler.log_command:Invoking command in '/home/aron-larsen/miniProject_ws/build/qube_driver': CMAKE_PREFIX_PATH=${CMAKE_PREFIX_PATH}:/opt/ros/jazzy DEBUGINFOD_URLS=https://debuginfod.ubuntu.com /usr/bin/cmake --build /home/aron-larsen/miniProject_ws/build/qube_driver -- -j8 -l8
[3.986s] DEBUG:colcon.colcon_core.event_handler.log_command:Invoked command in '/home/aron-larsen/miniProject_ws/build/qube_driver' returned '0': CMAKE_PREFIX_PATH=${CMAKE_PREFIX_PATH}:/opt/ros/jazzy DEBUGINFOD_URLS=https://debuginfod.ubuntu.com /usr/bin/cmake --build /home/aron-larsen/miniProject_ws/build/qube_driver -- -j8 -l8
[3.998s] DEBUG:colcon.colcon_core.event_handler.log_command:Invoking command in '/home/aron-larsen/miniProject_ws/build/qube_driver': CMAKE_PREFIX_PATH=${CMAKE_PREFIX_PATH}:/opt/ros/jazzy DEBUGINFOD_URLS=https://debuginfod.ubuntu.com /usr/bin/cmake --install /home/aron-larsen/miniProject_ws/build/qube_driver
[4.011s] Level 1:colcon.colcon_core.environment:create_environment_scripts_only(qube_driver)
[4.011s] Level 1:colcon.colcon_core.environment:checking '/home/aron-larsen/miniProject_ws/install/qube_driver' for CMake module files
[4.012s] DEBUG:colcon.colcon_core.event_handler.log_command:Invoked command in '/home/aron-larsen/miniProject_ws/build/qube_driver' returned '0': CMAKE_PREFIX_PATH=${CMAKE_PREFIX_PATH}:/opt/ros/jazzy DEBUGINFOD_URLS=https://debuginfod.ubuntu.com /usr/bin/cmake --install /home/aron-larsen/miniProject_ws/build/qube_driver
[4.012s] Level 1:colcon.colcon_core.environment:checking '/home/aron-larsen/miniProject_ws/install/qube_driver' for CMake config files
[4.013s] Level 1:colcon.colcon_core.shell:create_environment_hook('qube_driver', 'cmake_prefix_path')
[4.013s] INFO:colcon.colcon_core.shell:Creating environment hook '/home/aron-larsen/miniProject_ws/install/qube_driver/share/qube_driver/hook/cmake_prefix_path.ps1'
[4.013s] INFO:colcon.colcon_core.shell:Creating environment descriptor '/home/aron-larsen/miniProject_ws/install/qube_driver/share/qube_driver/hook/cmake_prefix_path.dsv'
[4.014s] INFO:colcon.colcon_core.shell:Creating environment hook '/home/aron-larsen/miniProject_ws/install/qube_driver/share/qube_driver/hook/cmake_prefix_path.sh'
[4.014s] Level 1:colcon.colcon_core.environment:checking '/home/aron-larsen/miniProject_ws/install/qube_driver/bin'
[4.014s] Level 1:colcon.colcon_core.environment:checking '/home/aron-larsen/miniProject_ws/install/qube_driver/lib/pkgconfig/qube_driver.pc'
[4.014s] Level 1:colcon.colcon_core.environment:checking '/home/aron-larsen/miniProject_ws/install/qube_driver/lib/python3.12/site-packages'
[4.014s] Level 1:colcon.colcon_core.environment:checking '/home/aron-larsen/miniProject_ws/install/qube_driver/bin'
[4.015s] INFO:colcon.colcon_core.shell:Creating package script '/home/aron-larsen/miniProject_ws/install/qube_driver/share/qube_driver/package.ps1'
[4.015s] INFO:colcon.colcon_core.shell:Creating package descriptor '/home/aron-larsen/miniProject_ws/install/qube_driver/share/qube_driver/package.dsv'
[4.015s] INFO:colcon.colcon_core.shell:Creating package script '/home/aron-larsen/miniProject_ws/install/qube_driver/share/qube_driver/package.sh'
[4.016s] INFO:colcon.colcon_core.shell:Creating package script '/home/aron-larsen/miniProject_ws/install/qube_driver/share/qube_driver/package.bash'
[4.016s] INFO:colcon.colcon_core.shell:Creating package script '/home/aron-larsen/miniProject_ws/install/qube_driver/share/qube_driver/package.zsh'
[4.016s] Level 1:colcon.colcon_core.environment:create_file_with_runtime_dependencies(/home/aron-larsen/miniProject_ws/install/qube_driver/share/colcon-core/packages/qube_driver)
[4.017s] Level 1:colcon.colcon_core.environment:create_environment_scripts_only(qube_driver)
[4.017s] Level 1:colcon.colcon_core.environment:checking '/home/aron-larsen/miniProject_ws/install/qube_driver' for CMake module files
[4.017s] Level 1:colcon.colcon_core.environment:checking '/home/aron-larsen/miniProject_ws/install/qube_driver' for CMake config files
[4.017s] Level 1:colcon.colcon_core.shell:create_environment_hook('qube_driver', 'cmake_prefix_path')
[4.017s] INFO:colcon.colcon_core.shell:Creating environment hook '/home/aron-larsen/miniProject_ws/install/qube_driver/share/qube_driver/hook/cmake_prefix_path.ps1'
[4.018s] INFO:colcon.colcon_core.shell:Creating environment descriptor '/home/aron-larsen/miniProject_ws/install/qube_driver/share/qube_driver/hook/cmake_prefix_path.dsv'
[4.018s] INFO:colcon.colcon_core.shell:Creating environment hook '/home/aron-larsen/miniProject_ws/install/qube_driver/share/qube_driver/hook/cmake_prefix_path.sh'
[4.018s] Level 1:colcon.colcon_core.environment:checking '/home/aron-larsen/miniProject_ws/install/qube_driver/bin'
[4.019s] Level 1:colcon.colcon_core.environment:checking '/home/aron-larsen/miniProject_ws/install/qube_driver/lib/pkgconfig/qube_driver.pc'
[4.019s] Level 1:colcon.colcon_core.environment:checking '/home/aron-larsen/miniProject_ws/install/qube_driver/lib/python3.12/site-packages'
[4.019s] Level 1:colcon.colcon_core.environment:checking '/home/aron-larsen/miniProject_ws/install/qube_driver/bin'
[4.019s] INFO:colcon.colcon_core.shell:Creating package script '/home/aron-larsen/miniProject_ws/install/qube_driver/share/qube_driver/package.ps1'
[4.019s] INFO:colcon.colcon_core.shell:Creating package descriptor '/home/aron-larsen/miniProject_ws/install/qube_driver/share/qube_driver/package.dsv'
[4.020s] INFO:colcon.colcon_core.shell:Creating package script '/home/aron-larsen/miniProject_ws/install/qube_driver/share/qube_driver/package.sh'
[4.020s] INFO:colcon.colcon_core.shell:Creating package script '/home/aron-larsen/miniProject_ws/install/qube_driver/share/qube_driver/package.bash'
[4.020s] INFO:colcon.colcon_core.shell:Creating package script '/home/aron-larsen/miniProject_ws/install/qube_driver/share/qube_driver/package.zsh'
[4.021s] Level 1:colcon.colcon_core.environment:create_file_with_runtime_dependencies(/home/aron-larsen/miniProject_ws/install/qube_driver/share/colcon-core/packages/qube_driver)
[4.021s] DEBUG:colcon.colcon_parallel_executor.executor.parallel:closing loop
[4.021s] DEBUG:colcon.colcon_parallel_executor.executor.parallel:loop closed
[4.022s] DEBUG:colcon.colcon_parallel_executor.executor.parallel:run_until_complete finished with '0'
[4.022s] DEBUG:colcon.colcon_core.event_reactor:joining thread
[4.030s] INFO:colcon.colcon_core.plugin_system:Skipping extension 'colcon_notification.desktop_notification.terminal_notifier': Not used on non-Darwin systems
[4.031s] INFO:colcon.colcon_core.plugin_system:Skipping extension 'colcon_notification.desktop_notification.win32': Not used on non-Windows systems
[4.031s] INFO:colcon.colcon_notification.desktop_notification:Sending desktop notification using 'notify2'
[4.046s] DEBUG:colcon.colcon_core.event_reactor:joined thread
[4.047s] INFO:colcon.colcon_core.shell:Creating prefix script '/home/aron-larsen/miniProject_ws/install/local_setup.ps1'
[4.048s] INFO:colcon.colcon_core.shell:Creating prefix util module '/home/aron-larsen/miniProject_ws/install/_local_setup_util_ps1.py'
[4.049s] INFO:colcon.colcon_core.shell:Creating prefix chain script '/home/aron-larsen/miniProject_ws/install/setup.ps1'
[4.050s] INFO:colcon.colcon_core.shell:Creating prefix script '/home/aron-larsen/miniProject_ws/install/local_setup.sh'
[4.051s] INFO:colcon.colcon_core.shell:Creating prefix util module '/home/aron-larsen/miniProject_ws/install/_local_setup_util_sh.py'
[4.051s] INFO:colcon.colcon_core.shell:Creating prefix chain script '/home/aron-larsen/miniProject_ws/install/setup.sh'
[4.052s] INFO:colcon.colcon_core.shell:Creating prefix script '/home/aron-larsen/miniProject_ws/install/local_setup.bash'
[4.053s] INFO:colcon.colcon_core.shell:Creating prefix chain script '/home/aron-larsen/miniProject_ws/install/setup.bash'
[4.054s] INFO:colcon.colcon_core.shell:Creating prefix script '/home/aron-larsen/miniProject_ws/install/local_setup.zsh'
[4.054s] INFO:colcon.colcon_core.shell:Creating prefix chain script '/home/aron-larsen/miniProject_ws/install/setup.zsh'
