running egg_info
creating ../build/qubeController/qubeController.egg-info
writing ../build/qubeController/qubeController.egg-info/PKG-INFO
writing dependency_links to ../build/qubeController/qubeController.egg-info/dependency_links.txt
writing requirements to ../build/qubeController/qubeController.egg-info/requires.txt
writing top-level names to ../build/qubeController/qubeController.egg-info/top_level.txt
writing manifest file '../build/qubeController/qubeController.egg-info/SOURCES.txt'
reading manifest file '../build/qubeController/qubeController.egg-info/SOURCES.txt'
writing manifest file '../build/qubeController/qubeController.egg-info/SOURCES.txt'
running build
running build_py
creating /home/aron-larsen/miniProject_ws/src/build/qubeController/build
creating /home/aron-larsen/miniProject_ws/src/build/qubeController/build/lib
creating /home/aron-larsen/miniProject_ws/src/build/qubeController/build/lib/qubeController
copying qubeController/__init__.py -> /home/aron-larsen/miniProject_ws/src/build/qubeController/build/lib/qubeController
running install
running install_lib
creating /home/aron-larsen/miniProject_ws/src/install/qubeController/lib/python3.12/site-packages/qubeController
copying /home/aron-larsen/miniProject_ws/src/build/qubeController/build/lib/qubeController/__init__.py -> /home/aron-larsen/miniProject_ws/src/install/qubeController/lib/python3.12/site-packages/qubeController
byte-compiling /home/aron-larsen/miniProject_ws/src/install/qubeController/lib/python3.12/site-packages/qubeController/__init__.py to __init__.cpython-312.pyc
running install_data
creating /home/aron-larsen/miniProject_ws/src/install/qubeController/share/ament_index
creating /home/aron-larsen/miniProject_ws/src/install/qubeController/share/ament_index/resource_index
creating /home/aron-larsen/miniProject_ws/src/install/qubeController/share/ament_index/resource_index/packages
copying resource/qubeController -> /home/aron-larsen/miniProject_ws/src/install/qubeController/share/ament_index/resource_index/packages
copying package.xml -> /home/aron-larsen/miniProject_ws/src/install/qubeController/share/qubeController
running install_egg_info
Copying ../build/qubeController/qubeController.egg-info to /home/aron-larsen/miniProject_ws/src/install/qubeController/lib/python3.12/site-packages/qubeController-0.0.0-py3.12.egg-info
running install_scripts
writing list of installed files to '/home/aron-larsen/miniProject_ws/src/build/qubeController/install.log'
