[2.075s] Invoking command in '/home/aron-larsen/miniProject_ws/src/qubeDescription': DEBUGINFOD_URLS=https://debuginfod.ubuntu.com PYTHONPATH=/home/aron-larsen/miniProject_ws/src/build/qubeDescription/prefix_override:/usr/lib/python3/dist-packages/colcon_core/task/python/colcon_distutils_commands:/home/aron-larsen/miniProject_ws/src/install/qubeDescription/lib/python3.12/site-packages:${PYTHONPATH} /usr/bin/python3 -W ignore:setup.py install is deprecated -W ignore:easy_install command is deprecated setup.py egg_info --egg-base ../build/qubeDescription build --build-base /home/aron-larsen/miniProject_ws/src/build/qubeDescription/build install --record /home/aron-larsen/miniProject_ws/src/build/qubeDescription/install.log --single-version-externally-managed install_data
[2.370s] running egg_info
[2.370s] creating ../build/qubeDescription/qubeDescription.egg-info
[2.391s] writing ../build/qubeDescription/qubeDescription.egg-info/PKG-INFO
[2.391s] writing dependency_links to ../build/qubeDescription/qubeDescription.egg-info/dependency_links.txt
[2.392s] writing requirements to ../build/qubeDescription/qubeDescription.egg-info/requires.txt
[2.392s] writing top-level names to ../build/qubeDescription/qubeDescription.egg-info/top_level.txt
[2.392s] writing manifest file '../build/qubeDescription/qubeDescription.egg-info/SOURCES.txt'
[2.432s] reading manifest file '../build/qubeDescription/qubeDescription.egg-info/SOURCES.txt'
[2.433s] writing manifest file '../build/qubeDescription/qubeDescription.egg-info/SOURCES.txt'
[2.434s] running build
[2.434s] running build_py
[2.434s] creating /home/aron-larsen/miniProject_ws/src/build/qubeDescription/build
[2.434s] creating /home/aron-larsen/miniProject_ws/src/build/qubeDescription/build/lib
[2.434s] creating /home/aron-larsen/miniProject_ws/src/build/qubeDescription/build/lib/qubeDescription
[2.434s] copying qubeDescription/__init__.py -> /home/aron-larsen/miniProject_ws/src/build/qubeDescription/build/lib/qubeDescription
[2.435s] running install
[2.440s] running install_lib
[2.459s] creating /home/aron-larsen/miniProject_ws/src/install/qubeDescription/lib/python3.12/site-packages/qubeDescription
[2.460s] copying /home/aron-larsen/miniProject_ws/src/build/qubeDescription/build/lib/qubeDescription/__init__.py -> /home/aron-larsen/miniProject_ws/src/install/qubeDescription/lib/python3.12/site-packages/qubeDescription
[2.461s] byte-compiling /home/aron-larsen/miniProject_ws/src/install/qubeDescription/lib/python3.12/site-packages/qubeDescription/__init__.py to __init__.cpython-312.pyc
[2.462s] running install_data
[2.462s] creating /home/aron-larsen/miniProject_ws/src/install/qubeDescription/share/ament_index
[2.462s] creating /home/aron-larsen/miniProject_ws/src/install/qubeDescription/share/ament_index/resource_index
[2.463s] creating /home/aron-larsen/miniProject_ws/src/install/qubeDescription/share/ament_index/resource_index/packages
[2.463s] copying resource/qubeDescription -> /home/aron-larsen/miniProject_ws/src/install/qubeDescription/share/ament_index/resource_index/packages
[2.463s] copying package.xml -> /home/aron-larsen/miniProject_ws/src/install/qubeDescription/share/qubeDescription
[2.463s] running install_egg_info
[2.483s] Copying ../build/qubeDescription/qubeDescription.egg-info to /home/aron-larsen/miniProject_ws/src/install/qubeDescription/lib/python3.12/site-packages/qubeDescription-0.0.0-py3.12.egg-info
[2.485s] running install_scripts
[2.624s] writing list of installed files to '/home/aron-larsen/miniProject_ws/src/build/qubeDescription/install.log'
