running egg_info
creating ../../build/qube_bringup/qube_bringup.egg-info
writing ../../build/qube_bringup/qube_bringup.egg-info/PKG-INFO
writing dependency_links to ../../build/qube_bringup/qube_bringup.egg-info/dependency_links.txt
writing requirements to ../../build/qube_bringup/qube_bringup.egg-info/requires.txt
writing top-level names to ../../build/qube_bringup/qube_bringup.egg-info/top_level.txt
writing manifest file '../../build/qube_bringup/qube_bringup.egg-info/SOURCES.txt'
reading manifest file '../../build/qube_bringup/qube_bringup.egg-info/SOURCES.txt'
writing manifest file '../../build/qube_bringup/qube_bringup.egg-info/SOURCES.txt'
running build
running build_py
creating /home/aron-larsen/miniProject_ws/build/qube_bringup/build
creating /home/aron-larsen/miniProject_ws/build/qube_bringup/build/lib
creating /home/aron-larsen/miniProject_ws/build/qube_bringup/build/lib/qube_bringup
copying qube_bringup/__init__.py -> /home/aron-larsen/miniProject_ws/build/qube_bringup/build/lib/qube_bringup
running install
running install_lib
creating /home/aron-larsen/miniProject_ws/install/qube_bringup/lib/python3.12/site-packages/qube_bringup
copying /home/aron-larsen/miniProject_ws/build/qube_bringup/build/lib/qube_bringup/__init__.py -> /home/aron-larsen/miniProject_ws/install/qube_bringup/lib/python3.12/site-packages/qube_bringup
byte-compiling /home/aron-larsen/miniProject_ws/install/qube_bringup/lib/python3.12/site-packages/qube_bringup/__init__.py to __init__.cpython-312.pyc
running install_data
creating /home/aron-larsen/miniProject_ws/install/qube_bringup/share/ament_index
creating /home/aron-larsen/miniProject_ws/install/qube_bringup/share/ament_index/resource_index
creating /home/aron-larsen/miniProject_ws/install/qube_bringup/share/ament_index/resource_index/packages
copying resource/qube_bringup -> /home/aron-larsen/miniProject_ws/install/qube_bringup/share/ament_index/resource_index/packages
copying package.xml -> /home/aron-larsen/miniProject_ws/install/qube_bringup/share/qube_bringup
running install_egg_info
Copying ../../build/qube_bringup/qube_bringup.egg-info to /home/aron-larsen/miniProject_ws/install/qube_bringup/lib/python3.12/site-packages/qube_bringup-0.0.0-py3.12.egg-info
running install_scripts
writing list of installed files to '/home/aron-larsen/miniProject_ws/build/qube_bringup/install.log'
