[2.304s] Invoking command in '/home/aron-larsen/miniProject_ws/src/qube_bringup': DEBUGINFOD_URLS=https://debuginfod.ubuntu.com PYTHONPATH=/home/aron-larsen/miniProject_ws/build/qube_bringup/prefix_override:/usr/lib/python3/dist-packages/colcon_core/task/python/colcon_distutils_commands:/home/aron-larsen/miniProject_ws/install/qube_bringup/lib/python3.12/site-packages:${PYTHONPATH} /usr/bin/python3 -W ignore:setup.py install is deprecated -W ignore:easy_install command is deprecated setup.py egg_info --egg-base ../../build/qube_bringup build --build-base /home/aron-larsen/miniProject_ws/build/qube_bringup/build install --record /home/aron-larsen/miniProject_ws/build/qube_bringup/install.log --single-version-externally-managed install_data
[2.591s] running egg_info
[2.591s] creating ../../build/qube_bringup/qube_bringup.egg-info
[2.612s] writing ../../build/qube_bringup/qube_bringup.egg-info/PKG-INFO
[2.613s] writing dependency_links to ../../build/qube_bringup/qube_bringup.egg-info/dependency_links.txt
[2.614s] writing requirements to ../../build/qube_bringup/qube_bringup.egg-info/requires.txt
[2.614s] writing top-level names to ../../build/qube_bringup/qube_bringup.egg-info/top_level.txt
[2.614s] writing manifest file '../../build/qube_bringup/qube_bringup.egg-info/SOURCES.txt'
[2.655s] reading manifest file '../../build/qube_bringup/qube_bringup.egg-info/SOURCES.txt'
[2.656s] writing manifest file '../../build/qube_bringup/qube_bringup.egg-info/SOURCES.txt'
[2.656s] running build
[2.656s] running build_py
[2.657s] creating /home/aron-larsen/miniProject_ws/build/qube_bringup/build
[2.657s] creating /home/aron-larsen/miniProject_ws/build/qube_bringup/build/lib
[2.657s] creating /home/aron-larsen/miniProject_ws/build/qube_bringup/build/lib/qube_bringup
[2.657s] copying qube_bringup/__init__.py -> /home/aron-larsen/miniProject_ws/build/qube_bringup/build/lib/qube_bringup
[2.657s] running install
[2.665s] running install_lib
[2.687s] creating /home/aron-larsen/miniProject_ws/install/qube_bringup/lib/python3.12/site-packages/qube_bringup
[2.687s] copying /home/aron-larsen/miniProject_ws/build/qube_bringup/build/lib/qube_bringup/__init__.py -> /home/aron-larsen/miniProject_ws/install/qube_bringup/lib/python3.12/site-packages/qube_bringup
[2.687s] byte-compiling /home/aron-larsen/miniProject_ws/install/qube_bringup/lib/python3.12/site-packages/qube_bringup/__init__.py to __init__.cpython-312.pyc
[2.688s] running install_data
[2.688s] creating /home/aron-larsen/miniProject_ws/install/qube_bringup/share/ament_index
[2.688s] creating /home/aron-larsen/miniProject_ws/install/qube_bringup/share/ament_index/resource_index
[2.688s] creating /home/aron-larsen/miniProject_ws/install/qube_bringup/share/ament_index/resource_index/packages
[2.688s] copying resource/qube_bringup -> /home/aron-larsen/miniProject_ws/install/qube_bringup/share/ament_index/resource_index/packages
[2.688s] copying package.xml -> /home/aron-larsen/miniProject_ws/install/qube_bringup/share/qube_bringup
[2.689s] running install_egg_info
[2.712s] Copying ../../build/qube_bringup/qube_bringup.egg-info to /home/aron-larsen/miniProject_ws/install/qube_bringup/lib/python3.12/site-packages/qube_bringup-0.0.0-py3.12.egg-info
[2.713s] running install_scripts
[2.857s] writing list of installed files to '/home/aron-larsen/miniProject_ws/build/qube_bringup/install.log'
[2.951s] Invoked command in '/home/aron-larsen/miniProject_ws/src/qube_bringup' returned '0': DEBUGINFOD_URLS=https://debuginfod.ubuntu.com PYTHONPATH=/home/aron-larsen/miniProject_ws/build/qube_bringup/prefix_override:/usr/lib/python3/dist-packages/colcon_core/task/python/colcon_distutils_commands:/home/aron-larsen/miniProject_ws/install/qube_bringup/lib/python3.12/site-packages:${PYTHONPATH} /usr/bin/python3 -W ignore:setup.py install is deprecated -W ignore:easy_install command is deprecated setup.py egg_info --egg-base ../../build/qube_bringup build --build-base /home/aron-larsen/miniProject_ws/build/qube_bringup/build install --record /home/aron-larsen/miniProject_ws/build/qube_bringup/install.log --single-version-externally-managed install_data
