running egg_info
creating ../../build/qube_description/qube_description.egg-info
writing ../../build/qube_description/qube_description.egg-info/PKG-INFO
writing dependency_links to ../../build/qube_description/qube_description.egg-info/dependency_links.txt
writing requirements to ../../build/qube_description/qube_description.egg-info/requires.txt
writing top-level names to ../../build/qube_description/qube_description.egg-info/top_level.txt
writing manifest file '../../build/qube_description/qube_description.egg-info/SOURCES.txt'
reading manifest file '../../build/qube_description/qube_description.egg-info/SOURCES.txt'
writing manifest file '../../build/qube_description/qube_description.egg-info/SOURCES.txt'
running build
running build_py
creating /home/aron-larsen/miniProject_ws/build/qube_description/build
creating /home/aron-larsen/miniProject_ws/build/qube_description/build/lib
creating /home/aron-larsen/miniProject_ws/build/qube_description/build/lib/qube_description
copying qube_description/__init__.py -> /home/aron-larsen/miniProject_ws/build/qube_description/build/lib/qube_description
running install
running install_lib
creating /home/aron-larsen/miniProject_ws/install/qube_description/lib/python3.12/site-packages/qube_description
copying /home/aron-larsen/miniProject_ws/build/qube_description/build/lib/qube_description/__init__.py -> /home/aron-larsen/miniProject_ws/install/qube_description/lib/python3.12/site-packages/qube_description
byte-compiling /home/aron-larsen/miniProject_ws/install/qube_description/lib/python3.12/site-packages/qube_description/__init__.py to __init__.cpython-312.pyc
running install_data
creating /home/aron-larsen/miniProject_ws/install/qube_description/share/ament_index
creating /home/aron-larsen/miniProject_ws/install/qube_description/share/ament_index/resource_index
creating /home/aron-larsen/miniProject_ws/install/qube_description/share/ament_index/resource_index/packages
copying resource/qube_description -> /home/aron-larsen/miniProject_ws/install/qube_description/share/ament_index/resource_index/packages
copying package.xml -> /home/aron-larsen/miniProject_ws/install/qube_description/share/qube_description
running install_egg_info
Copying ../../build/qube_description/qube_description.egg-info to /home/aron-larsen/miniProject_ws/install/qube_description/lib/python3.12/site-packages/qube_description-0.0.0-py3.12.egg-info
running install_scripts
writing list of installed files to '/home/aron-larsen/miniProject_ws/build/qube_description/install.log'
