running egg_info
creating ../build/qubeBringup/qubeBringup.egg-info
writing ../build/qubeBringup/qubeBringup.egg-info/PKG-INFO
writing dependency_links to ../build/qubeBringup/qubeBringup.egg-info/dependency_links.txt
writing requirements to ../build/qubeBringup/qubeBringup.egg-info/requires.txt
writing top-level names to ../build/qubeBringup/qubeBringup.egg-info/top_level.txt
writing manifest file '../build/qubeBringup/qubeBringup.egg-info/SOURCES.txt'
reading manifest file '../build/qubeBringup/qubeBringup.egg-info/SOURCES.txt'
writing manifest file '../build/qubeBringup/qubeBringup.egg-info/SOURCES.txt'
running build
running build_py
creating /home/aron-larsen/miniProject_ws/src/build/qubeBringup/build
creating /home/aron-larsen/miniProject_ws/src/build/qubeBringup/build/lib
creating /home/aron-larsen/miniProject_ws/src/build/qubeBringup/build/lib/qubeBringup
copying qubeBringup/__init__.py -> /home/aron-larsen/miniProject_ws/src/build/qubeBringup/build/lib/qubeBringup
running install
running install_lib
creating /home/aron-larsen/miniProject_ws/src/install/qubeBringup/lib/python3.12/site-packages/qubeBringup
copying /home/aron-larsen/miniProject_ws/src/build/qubeBringup/build/lib/qubeBringup/__init__.py -> /home/aron-larsen/miniProject_ws/src/install/qubeBringup/lib/python3.12/site-packages/qubeBringup
byte-compiling /home/aron-larsen/miniProject_ws/src/install/qubeBringup/lib/python3.12/site-packages/qubeBringup/__init__.py to __init__.cpython-312.pyc
running install_data
creating /home/aron-larsen/miniProject_ws/src/install/qubeBringup/share/ament_index
creating /home/aron-larsen/miniProject_ws/src/install/qubeBringup/share/ament_index/resource_index
creating /home/aron-larsen/miniProject_ws/src/install/qubeBringup/share/ament_index/resource_index/packages
copying resource/qubeBringup -> /home/aron-larsen/miniProject_ws/src/install/qubeBringup/share/ament_index/resource_index/packages
copying package.xml -> /home/aron-larsen/miniProject_ws/src/install/qubeBringup/share/qubeBringup
running install_egg_info
Copying ../build/qubeBringup/qubeBringup.egg-info to /home/aron-larsen/miniProject_ws/src/install/qubeBringup/lib/python3.12/site-packages/qubeBringup-0.0.0-py3.12.egg-info
running install_scripts
writing list of installed files to '/home/aron-larsen/miniProject_ws/src/build/qubeBringup/install.log'
