-- The C compiler identification is GNU 13.3.0
-- The CXX compiler identification is GNU 13.3.0
-- Detecting C compiler ABI info
-- Detecting C compiler ABI info - done
-- Check for working C compiler: /usr/bin/cc - skipped
-- Detecting C compile features
-- Detecting C compile features - done
-- Detecting CXX compiler ABI info
-- Detecting CXX compiler ABI info - done
-- Check for working CXX compiler: /usr/bin/c++ - skipped
-- Detecting CXX compile features
-- Detecting CXX compile features - done
-- Found ament_cmake: 2.5.3 (/opt/ros/jazzy/share/ament_cmake/cmake)
-- Found Python3: /usr/bin/python3 (found version "3.12.3") found components: Interpreter 
-- Found ros2_control: 4.27.0 (/opt/ros/jazzy/share/ros2_control/cmake)
-- Found hardware_interface: 4.27.0 (/opt/ros/jazzy/share/hardware_interface/cmake)
-- Found rosidl_generator_c: 4.6.5 (/opt/ros/jazzy/share/rosidl_generator_c/cmake)
-- Found rosidl_generator_cpp: 4.6.5 (/opt/ros/jazzy/share/rosidl_generator_cpp/cmake)
-- Using all available rosidl_typesupport_c: rosidl_typesupport_fastrtps_c;rosidl_typesupport_introspection_c
-- Using all available rosidl_typesupport_cpp: rosidl_typesupport_fastrtps_cpp;rosidl_typesupport_introspection_cpp
-- Found TinyXML2 via Config file: /usr/lib/x86_64-linux-gnu/cmake/tinyxml2
-- Found rmw_implementation_cmake: 7.3.1 (/opt/ros/jazzy/share/rmw_implementation_cmake/cmake)
-- Found rmw_fastrtps_cpp: 8.4.1 (/opt/ros/jazzy/share/rmw_fastrtps_cpp/cmake)
-- Found TinyXML2 via Config file: /usr/lib/x86_64-linux-gnu/cmake/tinyxml2
-- Found OpenSSL: /usr/lib/x86_64-linux-gnu/libcrypto.so (found version "3.0.13")  
-- Found TinyXML2 via Config file: /usr/lib/x86_64-linux-gnu/cmake/tinyxml2
-- Found FastRTPS: /opt/ros/jazzy/include (Required is at least version "2.13") 
-- Found TinyXML2 via Config file: /usr/lib/x86_64-linux-gnu/cmake/tinyxml2
-- Found TinyXML2 via Config file: /usr/lib/x86_64-linux-gnu/cmake/tinyxml2
-- Using RMW implementation 'rmw_fastrtps_cpp' as default
-- Found ament_lint_auto: 0.17.1 (/opt/ros/jazzy/share/ament_lint_auto/cmake)
-- Added test 'lint_cmake' to check CMake code style
-- Added test 'xmllint' to check XML markup files
-- Configuring done (2.0s)
-- Generating done (0.0s)
-- Build files have been written to: /home/aron-larsen/miniProject_ws/build/qube_driver
-- Install configuration: ""
-- Installing: /home/aron-larsen/miniProject_ws/install/qube_driver/share/ament_index/resource_index/package_run_dependencies/qube_driver
-- Installing: /home/aron-larsen/miniProject_ws/install/qube_driver/share/ament_index/resource_index/parent_prefix_path/qube_driver
-- Installing: /home/aron-larsen/miniProject_ws/install/qube_driver/share/qube_driver/environment/ament_prefix_path.sh
-- Installing: /home/aron-larsen/miniProject_ws/install/qube_driver/share/qube_driver/environment/ament_prefix_path.dsv
-- Installing: /home/aron-larsen/miniProject_ws/install/qube_driver/share/qube_driver/environment/path.sh
-- Installing: /home/aron-larsen/miniProject_ws/install/qube_driver/share/qube_driver/environment/path.dsv
-- Installing: /home/aron-larsen/miniProject_ws/install/qube_driver/share/qube_driver/local_setup.bash
-- Installing: /home/aron-larsen/miniProject_ws/install/qube_driver/share/qube_driver/local_setup.sh
-- Installing: /home/aron-larsen/miniProject_ws/install/qube_driver/share/qube_driver/local_setup.zsh
-- Installing: /home/aron-larsen/miniProject_ws/install/qube_driver/share/qube_driver/local_setup.dsv
-- Installing: /home/aron-larsen/miniProject_ws/install/qube_driver/share/qube_driver/package.dsv
-- Installing: /home/aron-larsen/miniProject_ws/install/qube_driver/share/ament_index/resource_index/packages/qube_driver
-- Installing: /home/aron-larsen/miniProject_ws/install/qube_driver/share/qube_driver/cmake/qube_driverConfig.cmake
-- Installing: /home/aron-larsen/miniProject_ws/install/qube_driver/share/qube_driver/cmake/qube_driverConfig-version.cmake
-- Installing: /home/aron-larsen/miniProject_ws/install/qube_driver/share/qube_driver/package.xml
