[1.262s] Invoking command in '/home/aron-larsen/miniProject_ws/build/qube_driver': CMAKE_PREFIX_PATH=${CMAKE_PREFIX_PATH}:/opt/ros/jazzy DEBUGINFOD_URLS=https://debuginfod.ubuntu.com /usr/bin/cmake /home/aron-larsen/miniProject_ws/src/qube_driver -DCMAKE_INSTALL_PREFIX=/home/aron-larsen/miniProject_ws/install/qube_driver
[1.418s] -- The C compiler identification is GNU 13.3.0
[1.518s] -- The CXX compiler identification is GNU 13.3.0
[1.544s] -- Detecting C compiler ABI info
[1.687s] -- Detecting C compiler ABI info - done
[1.696s] -- Check for working C compiler: /usr/bin/cc - skipped
[1.696s] -- Detecting C compile features
[1.697s] -- Detecting C compile features - done
[1.711s] -- Detecting CXX compiler ABI info
[1.864s] -- Detecting CXX compiler ABI info - done
[1.875s] -- Check for working CXX compiler: /usr/bin/c++ - skipped
[1.875s] -- Detecting CXX compile features
[1.876s] -- Detecting CXX compile features - done
[1.882s] -- Found ament_cmake: 2.5.3 (/opt/ros/jazzy/share/ament_cmake/cmake)
[2.077s] -- Found Python3: /usr/bin/python3 (found version "3.12.3") found components: Interpreter 
[2.228s] -- Found ros2_control: 4.27.0 (/opt/ros/jazzy/share/ros2_control/cmake)
[2.231s] -- Found hardware_interface: 4.27.0 (/opt/ros/jazzy/share/hardware_interface/cmake)
[2.298s] -- Found rosidl_generator_c: 4.6.5 (/opt/ros/jazzy/share/rosidl_generator_c/cmake)
[2.318s] -- Found rosidl_generator_cpp: 4.6.5 (/opt/ros/jazzy/share/rosidl_generator_cpp/cmake)
[2.343s] -- Using all available rosidl_typesupport_c: rosidl_typesupport_fastrtps_c;rosidl_typesupport_introspection_c
[2.371s] -- Using all available rosidl_typesupport_cpp: rosidl_typesupport_fastrtps_cpp;rosidl_typesupport_introspection_cpp
[2.677s] -- Found TinyXML2 via Config file: /usr/lib/x86_64-linux-gnu/cmake/tinyxml2
[2.741s] -- Found rmw_implementation_cmake: 7.3.1 (/opt/ros/jazzy/share/rmw_implementation_cmake/cmake)
[2.746s] -- Found rmw_fastrtps_cpp: 8.4.1 (/opt/ros/jazzy/share/rmw_fastrtps_cpp/cmake)
[2.780s] -- Found TinyXML2 via Config file: /usr/lib/x86_64-linux-gnu/cmake/tinyxml2
[2.866s] -- Found OpenSSL: /usr/lib/x86_64-linux-gnu/libcrypto.so (found version "3.0.13")  
[2.870s] -- Found TinyXML2 via Config file: /usr/lib/x86_64-linux-gnu/cmake/tinyxml2
[2.893s] -- Found FastRTPS: /opt/ros/jazzy/include (Required is at least version "2.13") 
[2.896s] -- Found TinyXML2 via Config file: /usr/lib/x86_64-linux-gnu/cmake/tinyxml2
[2.906s] -- Found TinyXML2 via Config file: /usr/lib/x86_64-linux-gnu/cmake/tinyxml2
[2.918s] -- Using RMW implementation 'rmw_fastrtps_cpp' as default
[3.207s] -- Found ament_lint_auto: 0.17.1 (/opt/ros/jazzy/share/ament_lint_auto/cmake)
[3.323s] -- Added test 'lint_cmake' to check CMake code style
[3.325s] -- Added test 'xmllint' to check XML markup files
[3.327s] -- Configuring done (2.0s)
[3.334s] -- Generating done (0.0s)
[3.336s] -- Build files have been written to: /home/aron-larsen/miniProject_ws/build/qube_driver
[3.349s] Invoked command in '/home/aron-larsen/miniProject_ws/build/qube_driver' returned '0': CMAKE_PREFIX_PATH=${CMAKE_PREFIX_PATH}:/opt/ros/jazzy DEBUGINFOD_URLS=https://debuginfod.ubuntu.com /usr/bin/cmake /home/aron-larsen/miniProject_ws/src/qube_driver -DCMAKE_INSTALL_PREFIX=/home/aron-larsen/miniProject_ws/install/qube_driver
[3.350s] Invoking command in '/home/aron-larsen/miniProject_ws/build/qube_driver': CMAKE_PREFIX_PATH=${CMAKE_PREFIX_PATH}:/opt/ros/jazzy DEBUGINFOD_URLS=https://debuginfod.ubuntu.com /usr/bin/cmake --build /home/aron-larsen/miniProject_ws/build/qube_driver -- -j8 -l8
[3.403s] Invoked command in '/home/aron-larsen/miniProject_ws/build/qube_driver' returned '0': CMAKE_PREFIX_PATH=${CMAKE_PREFIX_PATH}:/opt/ros/jazzy DEBUGINFOD_URLS=https://debuginfod.ubuntu.com /usr/bin/cmake --build /home/aron-larsen/miniProject_ws/build/qube_driver -- -j8 -l8
[3.416s] Invoking command in '/home/aron-larsen/miniProject_ws/build/qube_driver': CMAKE_PREFIX_PATH=${CMAKE_PREFIX_PATH}:/opt/ros/jazzy DEBUGINFOD_URLS=https://debuginfod.ubuntu.com /usr/bin/cmake --install /home/aron-larsen/miniProject_ws/build/qube_driver
[3.425s] -- Install configuration: ""
[3.425s] -- Installing: /home/aron-larsen/miniProject_ws/install/qube_driver/share/ament_index/resource_index/package_run_dependencies/qube_driver
[3.425s] -- Installing: /home/aron-larsen/miniProject_ws/install/qube_driver/share/ament_index/resource_index/parent_prefix_path/qube_driver
[3.426s] -- Installing: /home/aron-larsen/miniProject_ws/install/qube_driver/share/qube_driver/environment/ament_prefix_path.sh
[3.426s] -- Installing: /home/aron-larsen/miniProject_ws/install/qube_driver/share/qube_driver/environment/ament_prefix_path.dsv
[3.426s] -- Installing: /home/aron-larsen/miniProject_ws/install/qube_driver/share/qube_driver/environment/path.sh
[3.426s] -- Installing: /home/aron-larsen/miniProject_ws/install/qube_driver/share/qube_driver/environment/path.dsv
[3.427s] -- Installing: /home/aron-larsen/miniProject_ws/install/qube_driver/share/qube_driver/local_setup.bash
[3.427s] -- Installing: /home/aron-larsen/miniProject_ws/install/qube_driver/share/qube_driver/local_setup.sh
[3.427s] -- Installing: /home/aron-larsen/miniProject_ws/install/qube_driver/share/qube_driver/local_setup.zsh
[3.427s] -- Installing: /home/aron-larsen/miniProject_ws/install/qube_driver/share/qube_driver/local_setup.dsv
[3.427s] -- Installing: /home/aron-larsen/miniProject_ws/install/qube_driver/share/qube_driver/package.dsv
[3.427s] -- Installing: /home/aron-larsen/miniProject_ws/install/qube_driver/share/ament_index/resource_index/packages/qube_driver
[3.427s] -- Installing: /home/aron-larsen/miniProject_ws/install/qube_driver/share/qube_driver/cmake/qube_driverConfig.cmake
[3.427s] -- Installing: /home/aron-larsen/miniProject_ws/install/qube_driver/share/qube_driver/cmake/qube_driverConfig-version.cmake
[3.427s] -- Installing: /home/aron-larsen/miniProject_ws/install/qube_driver/share/qube_driver/package.xml
[3.430s] Invoked command in '/home/aron-larsen/miniProject_ws/build/qube_driver' returned '0': CMAKE_PREFIX_PATH=${CMAKE_PREFIX_PATH}:/opt/ros/jazzy DEBUGINFOD_URLS=https://debuginfod.ubuntu.com /usr/bin/cmake --install /home/aron-larsen/miniProject_ws/build/qube_driver
