[2.282s] Invoking command in '/home/aron-larsen/miniProject_ws/src/qube_controller': DEBUGINFOD_URLS=https://debuginfod.ubuntu.com PYTHONPATH=/home/aron-larsen/miniProject_ws/build/qube_controller/prefix_override:/usr/lib/python3/dist-packages/colcon_core/task/python/colcon_distutils_commands:/home/aron-larsen/miniProject_ws/install/qube_controller/lib/python3.12/site-packages:${PYTHONPATH} /usr/bin/python3 -W ignore:setup.py install is deprecated -W ignore:easy_install command is deprecated setup.py egg_info --egg-base ../../build/qube_controller build --build-base /home/aron-larsen/miniProject_ws/build/qube_controller/build install --record /home/aron-larsen/miniProject_ws/build/qube_controller/install.log --single-version-externally-managed install_data
[2.574s] running egg_info
[2.575s] creating ../../build/qube_controller/qube_controller.egg-info
[2.597s] writing ../../build/qube_controller/qube_controller.egg-info/PKG-INFO
[2.597s] writing dependency_links to ../../build/qube_controller/qube_controller.egg-info/dependency_links.txt
[2.597s] writing requirements to ../../build/qube_controller/qube_controller.egg-info/requires.txt
[2.598s] writing top-level names to ../../build/qube_controller/qube_controller.egg-info/top_level.txt
[2.598s] writing manifest file '../../build/qube_controller/qube_controller.egg-info/SOURCES.txt'
[2.641s] reading manifest file '../../build/qube_controller/qube_controller.egg-info/SOURCES.txt'
[2.641s] writing manifest file '../../build/qube_controller/qube_controller.egg-info/SOURCES.txt'
[2.641s] running build
[2.642s] running build_py
[2.642s] creating /home/aron-larsen/miniProject_ws/build/qube_controller/build
[2.642s] creating /home/aron-larsen/miniProject_ws/build/qube_controller/build/lib
[2.642s] creating /home/aron-larsen/miniProject_ws/build/qube_controller/build/lib/qube_controller
[2.642s] copying qube_controller/__init__.py -> /home/aron-larsen/miniProject_ws/build/qube_controller/build/lib/qube_controller
[2.642s] running install
[2.649s] running install_lib
[2.671s] creating /home/aron-larsen/miniProject_ws/install/qube_controller/lib/python3.12/site-packages/qube_controller
[2.671s] copying /home/aron-larsen/miniProject_ws/build/qube_controller/build/lib/qube_controller/__init__.py -> /home/aron-larsen/miniProject_ws/install/qube_controller/lib/python3.12/site-packages/qube_controller
[2.671s] byte-compiling /home/aron-larsen/miniProject_ws/install/qube_controller/lib/python3.12/site-packages/qube_controller/__init__.py to __init__.cpython-312.pyc
[2.672s] running install_data
[2.672s] creating /home/aron-larsen/miniProject_ws/install/qube_controller/share/ament_index
[2.672s] creating /home/aron-larsen/miniProject_ws/install/qube_controller/share/ament_index/resource_index
[2.672s] creating /home/aron-larsen/miniProject_ws/install/qube_controller/share/ament_index/resource_index/packages
[2.673s] copying resource/qube_controller -> /home/aron-larsen/miniProject_ws/install/qube_controller/share/ament_index/resource_index/packages
[2.673s] copying package.xml -> /home/aron-larsen/miniProject_ws/install/qube_controller/share/qube_controller
[2.673s] running install_egg_info
[2.696s] Copying ../../build/qube_controller/qube_controller.egg-info to /home/aron-larsen/miniProject_ws/install/qube_controller/lib/python3.12/site-packages/qube_controller-0.0.0-py3.12.egg-info
[2.697s] running install_scripts
[2.841s] writing list of installed files to '/home/aron-larsen/miniProject_ws/build/qube_controller/install.log'
[2.925s] Invoked command in '/home/aron-larsen/miniProject_ws/src/qube_controller' returned '0': DEBUGINFOD_URLS=https://debuginfod.ubuntu.com PYTHONPATH=/home/aron-larsen/miniProject_ws/build/qube_controller/prefix_override:/usr/lib/python3/dist-packages/colcon_core/task/python/colcon_distutils_commands:/home/aron-larsen/miniProject_ws/install/qube_controller/lib/python3.12/site-packages:${PYTHONPATH} /usr/bin/python3 -W ignore:setup.py install is deprecated -W ignore:easy_install command is deprecated setup.py egg_info --egg-base ../../build/qube_controller build --build-base /home/aron-larsen/miniProject_ws/build/qube_controller/build install --record /home/aron-larsen/miniProject_ws/build/qube_controller/install.log --single-version-externally-managed install_data
